<?xml version="1.0" encoding="UTF-8"?>
<testsuite xmlns:xsi="http://www.w3.org/2001/XMLSchema-instance" xsi:noNamespaceSchemaLocation="https://maven.apache.org/surefire/maven-surefire-plugin/xsd/surefire-test-report.xsd" version="3.0.2" name="com.fitnesstracker.backend.controller.AuthControllerIntegrationTest" time="5.114" tests="2" errors="0" skipped="0" failures="0">
  <properties>
[...]
</properties>
  <testcase name="registerReturnsCookiesAndUsername" classname="com.fitnesstracker.backend.controller.AuthControllerIntegrationTest" time="0.557">
    <system-out><![CDATA[16:20:12.291 [main] INFO org.springframework.test.context.support.AnnotationConfigContextLoaderUtils -- Could not detect default configuration classes for test class [com.fitnesstracker.backend.controller.AuthControllerIntegrationTest]: AuthControllerIntegrationTest does not declare any static, non-private, non-final, nested classes annotated with @Configuration.
16:20:12.389 [main] INFO org.springframework.boot.test.context.SpringBootTestContextBootstrapper -- Found @SpringBootConfiguration com.fitnesstracker.backend.FitnessTrackerBackendApplication for test class com.fitnesstracker.backend.controller.AuthControllerIntegrationTest

  .   ____          _            __ _ _
 /\\ / ___'_ __ _ _(_)_ __  __ _ \ \ \ \
( ( )\___ | '_ | '_| | '_ \/ _` | \ \ \ \
 \\/  ___)| |_)| | | | | || (_| |  ) ) ) )
  '  |____| .__|_| |_|_| |_\__, | / / / /
 =========|_|==============|___/=/_/_/_/

 :: Spring Boot ::                (v3.4.4)

2026-04-09T16:20:12.681+02:00  INFO 22848 --- [fitness-tracker-backend] [           main] c.f.b.c.AuthControllerIntegrationTest    : Starting AuthControllerIntegrationTest using Java 17.0.18 with PID 22848 (started by marko in D:\Programming Projects\fitness-tracker\backend)
2026-04-09T16:20:12.682+02:00  INFO 22848 --- [fitness-tracker-backend] [           main] c.f.b.c.AuthControllerIntegrationTest    : The following 1 profile is active: "test"
2026-04-09T16:20:13.229+02:00  INFO 22848 --- [fitness-tracker-backend] [           main] .s.d.r.c.RepositoryConfigurationDelegate : Bootstrapping Spring Data JPA repositories in DEFAULT mode.
2026-04-09T16:20:13.283+02:00  INFO 22848 --- [fitness-tracker-backend] [           main] .s.d.r.c.RepositoryConfigurationDelegate : Finished Spring Data repository scanning in 43 ms. Found 5 JPA repository interfaces.
2026-04-09T16:20:13.778+02:00  INFO 22848 --- [fitness-tracker-backend] [           main] o.hibernate.jpa.internal.util.LogHelper  : HHH000204: Processing PersistenceUnitInfo [name: default]
2026-04-09T16:20:13.878+02:00  INFO 22848 --- [fitness-tracker-backend] [           main] org.hibernate.Version                    : HHH000412: Hibernate ORM core version 6.6.11.Final
2026-04-09T16:20:13.947+02:00  INFO 22848 --- [fitness-tracker-backend] [           main] o.h.c.internal.RegionFactoryInitiator    : HHH000026: Second-level cache disabled
2026-04-09T16:20:14.286+02:00  INFO 22848 --- [fitness-tracker-backend] [           main] o.s.o.j.p.SpringPersistenceUnitInfo      : No LoadTimeWeaver setup: ignoring JPA class transformer
2026-04-09T16:20:14.314+02:00  INFO 22848 --- [fitness-tracker-backend] [           main] com.zaxxer.hikari.HikariDataSource       : HikariPool-1 - Starting...
2026-04-09T16:20:14.422+02:00  INFO 22848 --- [fitness-tracker-backend] [           main] com.zaxxer.hikari.pool.HikariPool        : HikariPool-1 - Added connection conn0: url=jdbc:h2:mem:fitness_tracker_test user=SA
2026-04-09T16:20:14.423+02:00  INFO 22848 --- [fitness-tracker-backend] [           main] com.zaxxer.hikari.HikariDataSource       : HikariPool-1 - Start completed.
2026-04-09T16:20:14.455+02:00  INFO 22848 --- [fitness-tracker-backend] [           main] org.hibernate.orm.connections.pooling    : HHH10001005: Database info:
	Database JDBC URL [Connecting through datasource 'HikariDataSource (HikariPool-1)']
	Database driver: undefined/unknown
	Database version: 2.3.232
	Autocommit mode: undefined/unknown
	Isolation level: undefined/unknown
	Minimum pool size: undefined/unknown
	Maximum pool size: undefined/unknown
2026-04-09T16:20:14.970+02:00  INFO 22848 --- [fitness-tracker-backend] [           main] o.h.e.t.j.p.i.JtaPlatformInitiator       : HHH000489: No JTA platform available (set 'hibernate.transaction.jta.platform' to enable JTA platform integration)
2026-04-09T16:20:15.009+02:00  INFO 22848 --- [fitness-tracker-backend] [           main] j.LocalContainerEntityManagerFactoryBean : Initialized JPA EntityManagerFactory for persistence unit 'default'
2026-04-09T16:20:15.472+02:00  INFO 22848 --- [fitness-tracker-backend] [           main] eAuthenticationProviderManagerConfigurer : Global AuthenticationManager configured with AuthenticationProvider bean with name authenticationProvider
2026-04-09T16:20:15.472+02:00  WARN 22848 --- [fitness-tracker-backend] [           main] r$InitializeUserDetailsManagerConfigurer : Global AuthenticationManager configured with an AuthenticationProvider bean. UserDetailsService beans will not be used by Spring Security for automatically configuring username/password login. Consider removing the AuthenticationProvider bean. Alternatively, consider using the UserDetailsService in a manually instantiated DaoAuthenticationProvider. If the current configuration is intentional, to turn off this warning, increase the logging level of 'org.springframework.security.config.annotation.authentication.configuration.InitializeUserDetailsBeanManagerConfigurer' to ERROR
2026-04-09T16:20:15.604+02:00  WARN 22848 --- [fitness-tracker-backend] [           main] JpaBaseConfiguration$JpaWebConfiguration : spring.jpa.open-in-view is enabled by default. Therefore, database queries may be performed during view rendering. Explicitly configure spring.jpa.open-in-view to disable this warning
2026-04-09T16:20:16.522+02:00  INFO 22848 --- [fitness-tracker-backend] [           main] o.s.b.t.m.w.SpringBootMockServletContext : Initializing Spring TestDispatcherServlet ''
2026-04-09T16:20:16.523+02:00  INFO 22848 --- [fitness-tracker-backend] [           main] o.s.t.web.servlet.TestDispatcherServlet  : Initializing Servlet ''
2026-04-09T16:20:16.523+02:00  INFO 22848 --- [fitness-tracker-backend] [           main] o.s.t.web.servlet.TestDispatcherServlet  : Completed initialization in 0 ms
2026-04-09T16:20:16.545+02:00  INFO 22848 --- [fitness-tracker-backend] [           main] c.f.b.c.AuthControllerIntegrationTest    : Started AuthControllerIntegrationTest in 4.061 seconds (process running for 4.687)
]]></system-out>
  </testcase>
  <testcase name="loginReturnsCookiesForExistingUser" classname="com.fitnesstracker.backend.controller.AuthControllerIntegrationTest" time="0.182"/>
</testsuite>